<?xml version="1.0" encoding="UTF-8"?>
<testng-results skipped="0" failed="0" ignored="0" total="1" passed="1">
  <reporter-output>
  </reporter-output>
  <suite name="Default suite" duration-ms="8267" started-at="2021-08-09T21:40:58 EDT" finished-at="2021-08-09T21:41:07 EDT">
    <groups>
    </groups>
    <test name="Default test" duration-ms="8267" started-at="2021-08-09T21:40:58 EDT" finished-at="2021-08-09T21:41:07 EDT">
      <class name="com.uiautomation.kira.googlesearch.GoogleSearchTest">
        <test-method status="PASS" signature="testSearchGoogleForKira()[pri:0, instance:com.uiautomation.kira.googlesearch.GoogleSearchTest@68dc098b]" name="testSearchGoogleForKira" duration-ms="6003" started-at="2021-08-09T21:40:59 EDT" finished-at="2021-08-09T21:41:05 EDT">
          <reporter-output>
          </reporter-output>
        </test-method> <!-- testSearchGoogleForKira -->
        <test-method status="PASS" signature="getResult(org.testng.ITestResult)[pri:0, instance:com.uiautomation.kira.googlesearch.GoogleSearchTest@68dc098b]" name="getResult" is-config="true" duration-ms="87" started-at="2021-08-09T21:41:05 EDT" finished-at="2021-08-09T21:41:05 EDT">
          <params>
            <param index="0">
              <value>
                <![CDATA[[TestResult name=testSearchGoogleForKira status=SUCCESS method=GoogleSearchTest.testSearchGoogleForKira()[pri:0, instance:com.uiautomation.kira.googlesearch.GoogleSearchTest@68dc098b] output={null}]]]>
              </value>
            </param>
          </params>
          <reporter-output>
          </reporter-output>
        </test-method> <!-- getResult -->
        <test-method status="PASS" signature="tearDown()[pri:0, instance:com.uiautomation.kira.googlesearch.GoogleSearchTest@68dc098b]" name="tearDown" is-config="true" duration-ms="1979" started-at="2021-08-09T21:41:05 EDT" finished-at="2021-08-09T21:41:07 EDT">
          <reporter-output>
          </reporter-output>
        </test-method> <!-- tearDown -->
      </class> <!-- com.uiautomation.kira.googlesearch.GoogleSearchTest -->
    </test> <!-- Default test -->
  </suite> <!-- Default suite -->
</testng-results>
